<?xml version="1.0" encoding="UTF-8"?>
<!-- Generated by org.testng.reporters.JUnitReportReporter -->
<testsuite hostname="Venkateshs-MacBook-Pro.local" failures="0" tests="10" name="runner.RunCuke" time="0.351" errors="0" timestamp="2024-12-27T13:40:18 IST" skipped="0">
  <testcase classname="runner.RunCuke" name="runScenario" time="0.015"/>
  <testcase classname="runner.RunCuke" name="runScenario" time="0.018"/>
  <testcase classname="runner.RunCuke" name="runScenario" time="0.026"/>
  <testcase classname="runner.RunCuke" name="runScenario" time="0.023"/>
  <testcase classname="runner.RunCuke" name="runScenario" time="0.017"/>
  <testcase classname="runner.RunCuke" name="runScenario" time="0.014"/>
  <testcase classname="runner.RunCuke" name="runScenario" time="0.012"/>
  <testcase classname="runner.RunCuke" name="runScenario" time="0.189"/>
  <testcase classname="runner.RunCuke" name="runScenario" time="0.014"/>
  <testcase classname="runner.RunCuke" name="runScenario" time="0.023"/>
</testsuite> <!-- runner.RunCuke -->
